\BOOKMARK [1][-]{section*.1}{\376\377\004\040\004\025\004\044\004\025\004\040\004\020\004\042}{}% 1
\BOOKMARK [1][-]{section*.3}{\376\377\004\022\004\022\004\025\004\024\004\025\004\035\004\030\004\025}{}% 2
\BOOKMARK [1][-]{section*.4}{\376\377\004\036\004\041\004\035\004\036\004\022\004\035\004\020\004\057\000\040\004\047\004\020\004\041\004\042\004\054}{}% 3
\BOOKMARK [1][-]{section.1}{\376\377\004\037\004\076\004\101\004\102\004\060\004\075\004\076\004\062\004\072\004\060\000\040\004\067\004\060\004\064\004\060\004\107\004\070}{}% 4
\BOOKMARK [2][-]{subsection.1.1}{\376\377\004\046\004\065\004\073\004\114\000\040\004\100\004\060\004\061\004\076\004\102\004\113}{section.1}% 5
\BOOKMARK [2][-]{subsection.1.2}{\376\377\004\036\004\077\004\070\004\101\004\060\004\075\004\070\004\065\000\040\004\067\004\060\004\064\004\060\004\107\004\070}{section.1}% 6
\BOOKMARK [1][-]{section.2}{\376\377\004\036\004\061\004\067\004\076\004\100\000\040\004\073\004\070\004\102\004\065\004\100\004\060\004\102\004\103\004\100\004\113}{}% 7
\BOOKMARK [1][-]{section.3}{\376\377\004\041\004\077\004\076\004\101\004\076\004\061\004\113\000\040\004\070\000\040\004\074\004\065\004\102\004\076\004\064\004\113\000\040\004\100\004\065\004\110\004\065\004\075\004\070\004\117\000\040\004\067\004\060\004\064\004\060\004\107\004\070}{}% 8
\BOOKMARK [2][-]{subsection.3.1}{\376\377\004\035\004\065\004\071\004\100\004\076\004\075\004\075\004\113\004\065\000\040\004\101\004\065\004\102\004\070}{section.3}% 9
\BOOKMARK [2][-]{subsection.3.2}{\376\377\004\020\004\062\004\102\004\076\004\074\004\060\004\102\004\070\004\107\004\065\004\101\004\072\004\076\004\065\000\040\004\064\004\070\004\104\004\104\004\065\004\100\004\065\004\075\004\106\004\070\004\100\004\076\004\062\004\060\004\075\004\070\004\065}{section.3}% 10
\BOOKMARK [2][-]{subsection.3.3}{\376\377\004\042\004\065\004\076\004\100\004\065\004\102\004\070\004\107\004\065\004\101\004\072\004\076\004\065\000\040\004\076\004\077\004\070\004\101\004\060\004\075\004\070\004\065\000\040\000P\000I\000N\000N}{section.3}% 11
\BOOKMARK [2][-]{subsection.3.4}{\376\377\004\042\004\065\004\105\004\075\004\070\004\107\004\065\004\101\004\072\004\060\004\117\000\040\004\100\004\065\004\060\004\073\004\070\004\067\004\060\004\106\004\070\004\117}{section.3}% 12
\BOOKMARK [3][-]{subsubsection.3.4.1}{\376\377\004\030\004\101\004\077\004\076\004\073\004\114\004\067\004\103\004\065\004\074\004\113\004\065\000\040\004\102\004\065\004\105\004\075\004\076\004\073\004\076\004\063\004\070\004\070}{subsection.3.4}% 13
\BOOKMARK [3][-]{subsubsection.3.4.2}{\376\377\004\037\004\100\004\076\004\063\004\100\004\060\004\074\004\075\004\060\004\117\000\040\004\100\004\065\004\060\004\073\004\070\004\067\004\060\004\106\004\070\004\117\000\040\000P\000I\000N\000N}{subsection.3.4}% 14
\BOOKMARK [1][-]{section.4}{\376\377\004\040\004\065\004\067\004\103\004\073\004\114\004\102\004\060\004\102\004\113\000\040\004\070\000\040\004\070\004\105\000\040\004\076\004\061\004\101\004\103\004\066\004\064\004\065\004\075\004\070\004\065}{}% 15
\BOOKMARK [2][-]{subsection.4.1}{\376\377\004\043\004\101\004\102\004\060\004\075\004\076\004\062\004\070\004\062\004\110\004\065\004\065\004\101\004\117\000\040\004\100\004\060\004\101\004\077\004\100\004\065\004\064\004\065\004\073\004\065\004\075\004\070\004\065\000\040\004\102\004\065\004\077\004\073\004\060\000\040\004\062\000\040\004\072\004\076\004\073\004\114\004\106\004\065}{section.4}% 16
\BOOKMARK [2][-]{subsection.4.2}{\376\377\004\027\004\060\004\064\004\060\004\107\004\060\000\040\004\115\004\073\004\065\004\072\004\102\004\100\004\076\004\072\004\070\004\075\004\065\004\102\004\070\004\072\004\070}{section.4}% 17
\BOOKMARK [1][-]{section*.18}{\376\377\004\027\004\020\004\032\004\033\004\056\004\047\004\025\004\035\004\030\004\025}{}% 18
\BOOKMARK [1][-]{section*.19}{\376\377\004\041\004\037\004\030\004\041\004\036\004\032\000\040\004\030\004\041\004\037\004\036\004\033\004\054\004\027\004\036\004\022\004\020\004\035\004\035\004\053\004\045\000\040\004\030\004\041\004\042\004\036\004\047\004\035\004\030\004\032\004\036\004\022\000\040\004\030\000\040\004\033\004\030\004\042\004\025\004\040\004\020\004\042\004\043\004\040\004\053}{}% 19
\BOOKMARK [1][-]{section*.20}{}{}% 20
